#
# There is insufficient memory for the Java Runtime Environment to continue.
# Native memory allocation (mmap) failed to map 117440512 bytes for G1 virtual space
# Possible reasons:
#   The system is out of physical RAM or swap space
#   The process is running with CompressedOops enabled, and the Java Heap may be blocking the growth of the native heap
# Possible solutions:
#   Reduce memory load on the system
#   Increase physical memory or swap space
#   Check if swap backing store is full
#   Decrease Java heap size (-Xmx/-Xms)
#   Decrease number of Java threads
#   Decrease Java thread stack sizes (-Xss)
#   Set larger code cache with -XX:ReservedCodeCacheSize=
#   JVM is running with Unscaled Compressed Oops mode in which the Java heap is
#     placed in the first 4GB address space. The Java Heap base address is the
#     maximum limit for the native heap growth. Please use -XX:HeapBaseMinAddress
#     to set the Java Heap base and to place the Java Heap above 4GB virtual address.
# This output file may be truncated or incomplete.
#
#  Out of Memory Error (os_windows.cpp:3466), pid=18416, tid=19092
#
# JRE version:  (16.0.2+7) (build )
# Java VM: OpenJDK 64-Bit Server VM (16.0.2+7-67, mixed mode, sharing, tiered, compressed oops, compressed class ptrs, g1 gc, windows-amd64)
# No core dump will be written. Minidumps are not enabled by default on client versions of Windows
#

---------------  S U M M A R Y ------------

Command Line: -Dcom.sun.management.jmxremote -Dcom.sun.management.jmxremote.port=65195 -Dcom.sun.management.jmxremote.authenticate=false -Dcom.sun.management.jmxremote.ssl=false -Djava.rmi.server.hostname=localhost -Dspring.jmx.enabled=true -Dspring.application.admin.enabled=true -XX:TieredStopAtLevel=1 -Dspring.boot.project.name=astroenergyApplication -Dfile.encoding=UTF-8 -XX:+ShowCodeDetailsInExceptionMessages com.astroenergy.java.astroenergyApplication.AstroEnergyApplication --spring.output.ansi.enabled=always

Host: AMD A8 PRO-7150B R5, 10 Compute Cores 4C+6G    , 4 cores, 6G,  Windows 10 , 64 bit Build 18362 (10.0.18362.329)
Time: Mon Nov 29 02:04:35 2021 Pacific Standard Time elapsed time: 0.487578 seconds (0d 0h 0m 0s)

---------------  T H R E A D  ---------------

Current thread (0x000002d8c8b90620):  JavaThread "Unknown thread" [_thread_in_vm, id=19092, stack(0x000000ffae400000,0x000000ffae500000)]

Stack: [0x000000ffae400000,0x000000ffae500000]
Native frames: (J=compiled Java code, j=interpreted, Vv=VM code, C=native code)
V  [jvm.dll+0x6681ca]
V  [jvm.dll+0x7c9e69]
V  [jvm.dll+0x7cb61e]
V  [jvm.dll+0x7cbc73]
V  [jvm.dll+0x242c55]
V  [jvm.dll+0x664f89]
V  [jvm.dll+0x659b75]
V  [jvm.dll+0x2fbfbb]
V  [jvm.dll+0x3031b6]
V  [jvm.dll+0x35299e]
V  [jvm.dll+0x352bcf]
V  [jvm.dll+0x2d3028]
V  [jvm.dll+0x2d4264]
V  [jvm.dll+0x79c741]
V  [jvm.dll+0x360791]
V  [jvm.dll+0x77a3f0]
V  [jvm.dll+0x3e4e8f]
V  [jvm.dll+0x3e6961]
C  [jli.dll+0x52fb]
C  [ucrtbase.dll+0x20e72]
C  [KERNEL32.DLL+0x17bd4]
C  [ntdll.dll+0x6ced1]


---------------  P R O C E S S  ---------------

Threads class SMR info:
_java_thread_list=0x00007ffac3e2cbb8, length=0, elements={
}

Java Threads: ( => current thread )

Other Threads:
  0x000002d8c8bcc950 GCTaskThread "GC Thread#0" [stack: 0x000000ffae500000,0x000000ffae600000] [id=2040]
  0x000002d8c8bdc830 ConcurrentGCThread "G1 Main Marker" [stack: 0x000000ffae600000,0x000000ffae700000] [id=16912]
  0x000002d8c8bdd9d0 ConcurrentGCThread "G1 Conc#0" [stack: 0x000000ffae700000,0x000000ffae800000] [id=2660]

[error occurred during error reporting (printing all threads), id 0xc0000005, EXCEPTION_ACCESS_VIOLATION (0xc0000005) at pc=0x00007ffac3603ee7]

VM state: not at safepoint (not fully initialized)

VM Mutex/Monitor currently owned by a thread:  ([mutex/lock_event])
[0x000002d8c8b8cb00] Heap_lock - owner thread: 0x000002d8c8b90620

Heap address: 0x0000000090c00000, size: 1780 MB, Compressed Oops mode: 32-bit

CDS archive(s) mapped at: [0x0000000000000000-0x0000000000000000-0x0000000000000000), size 0, SharedBaseAddress: 0x0000000800000000, ArchiveRelocationMode: 0.
Narrow klass base: 0x0000000000000000, Narrow klass shift: 0, Narrow klass range: 0x0

GC Precious Log:
<Empty>

Heap:
 garbage-first heap   total 0K, used 0K [0x0000000090c00000, 0x0000000100000000)
  region size 1024K, 0 young (0K), 0 survivors (0K)

[error occurred during error reporting (printing heap information), id 0xc0000005, EXCEPTION_ACCESS_VIOLATION (0xc0000005) at pc=0x00007ffac39e1eed]

GC Heap History (0 events):
No events

Deoptimization events (0 events):
No events

Classes unloaded (0 events):
No events

Classes redefined (0 events):
No events

Internal exceptions (0 events):
No events

Events (1 events):
Event: 0.249 Loaded shared library C:\Users\jay\Downloads\sts-4.12.0.RELEASE\plugins\org.eclipse.justj.openjdk.hotspot.jre.full.win32.x86_64_16.0.2.v20210721-1149\jre\bin\java.dll


Dynamic libraries:
0x00007ff76cec0000 - 0x00007ff76cece000 	C:\Users\jay\Downloads\sts-4.12.0.RELEASE\plugins\org.eclipse.justj.openjdk.hotspot.jre.full.win32.x86_64_16.0.2.v20210721-1149\jre\bin\javaw.exe
0x00007ffb29160000 - 0x00007ffb29350000 	C:\Windows\SYSTEM32\ntdll.dll
0x00007ffb27e00000 - 0x00007ffb27eb2000 	C:\Windows\System32\KERNEL32.DLL
0x00007ffb26b90000 - 0x00007ffb26e33000 	C:\Windows\System32\KERNELBASE.dll
0x00007ffb26290000 - 0x00007ffb2638a000 	C:\Windows\System32\ucrtbase.dll
0x00007ffb10390000 - 0x00007ffb103a8000 	C:\Users\jay\Downloads\sts-4.12.0.RELEASE\plugins\org.eclipse.justj.openjdk.hotspot.jre.full.win32.x86_64_16.0.2.v20210721-1149\jre\bin\jli.dll
0x00007ffb28420000 - 0x00007ffb285b4000 	C:\Windows\System32\USER32.dll
0x00007ffb26fb0000 - 0x00007ffb26fd1000 	C:\Windows\System32\win32u.dll
0x00007ffb28360000 - 0x00007ffb28386000 	C:\Windows\System32\GDI32.dll
0x00007ffb26fe0000 - 0x00007ffb27174000 	C:\Windows\System32\gdi32full.dll
0x00007ffb261a0000 - 0x00007ffb2623e000 	C:\Windows\System32\msvcp_win.dll
0x00007ffb0b280000 - 0x00007ffb0b299000 	C:\Users\jay\Downloads\sts-4.12.0.RELEASE\plugins\org.eclipse.justj.openjdk.hotspot.jre.full.win32.x86_64_16.0.2.v20210721-1149\jre\bin\VCRUNTIME140.dll
0x00007ffb19420000 - 0x00007ffb196a5000 	C:\Windows\WinSxS\amd64_microsoft.windows.common-controls_6595b64144ccf1df_6.0.18362.592_none_e6c0b1911312be02\COMCTL32.dll
0x00007ffb285d0000 - 0x00007ffb2866e000 	C:\Windows\System32\msvcrt.dll
0x00007ffb28db0000 - 0x00007ffb290e6000 	C:\Windows\System32\combase.dll
0x00007ffb28950000 - 0x00007ffb28a70000 	C:\Windows\System32\RPCRT4.dll
0x00007ffb26390000 - 0x00007ffb26410000 	C:\Windows\System32\bcryptPrimitives.dll
0x00007ffb290f0000 - 0x00007ffb2911e000 	C:\Windows\System32\IMM32.DLL
0x00007ffb177f0000 - 0x00007ffb177fc000 	C:\Users\jay\Downloads\sts-4.12.0.RELEASE\plugins\org.eclipse.justj.openjdk.hotspot.jre.full.win32.x86_64_16.0.2.v20210721-1149\jre\bin\vcruntime140_1.dll
0x00007ffb01f40000 - 0x00007ffb01fd1000 	C:\Users\jay\Downloads\sts-4.12.0.RELEASE\plugins\org.eclipse.justj.openjdk.hotspot.jre.full.win32.x86_64_16.0.2.v20210721-1149\jre\bin\msvcp140.dll
0x00007ffac3320000 - 0x00007ffac3ecb000 	C:\Users\jay\Downloads\sts-4.12.0.RELEASE\plugins\org.eclipse.justj.openjdk.hotspot.jre.full.win32.x86_64_16.0.2.v20210721-1149\jre\bin\server\jvm.dll
0x00007ffb27ec0000 - 0x00007ffb27f63000 	C:\Windows\System32\ADVAPI32.dll
0x00007ffb286e0000 - 0x00007ffb28777000 	C:\Windows\System32\sechost.dll
0x00007ffb285c0000 - 0x00007ffb285c8000 	C:\Windows\System32\PSAPI.DLL
0x00007ffae89d0000 - 0x00007ffae89d9000 	C:\Windows\SYSTEM32\WSOCK32.dll
0x00007ffb28390000 - 0x00007ffb283ff000 	C:\Windows\System32\WS2_32.dll
0x00007ffb1d480000 - 0x00007ffb1d4a4000 	C:\Windows\SYSTEM32\WINMM.dll
0x00007ffb1d470000 - 0x00007ffb1d47a000 	C:\Windows\SYSTEM32\VERSION.dll
0x00007ffb1d440000 - 0x00007ffb1d46d000 	C:\Windows\SYSTEM32\WINMMBASE.dll
0x00007ffb26240000 - 0x00007ffb2628a000 	C:\Windows\System32\cfgmgr32.dll
0x00007ffb26060000 - 0x00007ffb26071000 	C:\Windows\System32\kernel.appcore.dll
0x00007ffb211c0000 - 0x00007ffb211ca000 	C:\Users\jay\Downloads\sts-4.12.0.RELEASE\plugins\org.eclipse.justj.openjdk.hotspot.jre.full.win32.x86_64_16.0.2.v20210721-1149\jre\bin\jimage.dll
0x00007ffb1d6f0000 - 0x00007ffb1d8e4000 	C:\Windows\SYSTEM32\DBGHELP.DLL
0x00007ffb1d3f0000 - 0x00007ffb1d41a000 	C:\Windows\SYSTEM32\dbgcore.DLL
0x00007ffb20c50000 - 0x00007ffb20c75000 	C:\Users\jay\Downloads\sts-4.12.0.RELEASE\plugins\org.eclipse.justj.openjdk.hotspot.jre.full.win32.x86_64_16.0.2.v20210721-1149\jre\bin\java.dll

dbghelp: loaded successfully - version: 4.0.5 - missing functions: none
symbol engine: initialized successfully - sym options: 0x614 - pdb path: .;C:\Users\jay\Downloads\sts-4.12.0.RELEASE\plugins\org.eclipse.justj.openjdk.hotspot.jre.full.win32.x86_64_16.0.2.v20210721-1149\jre\bin;C:\Windows\SYSTEM32;C:\Windows\WinSxS\amd64_microsoft.windows.common-controls_6595b64144ccf1df_6.0.18362.592_none_e6c0b1911312be02;C:\Users\jay\Downloads\sts-4.12.0.RELEASE\plugins\org.eclipse.justj.openjdk.hotspot.jre.full.win32.x86_64_16.0.2.v20210721-1149\jre\bin\server

VM Arguments:
jvm_args: -Dcom.sun.management.jmxremote -Dcom.sun.management.jmxremote.port=65195 -Dcom.sun.management.jmxremote.authenticate=false -Dcom.sun.management.jmxremote.ssl=false -Djava.rmi.server.hostname=localhost -Dspring.jmx.enabled=true -Dspring.application.admin.enabled=true -XX:TieredStopAtLevel=1 -Dspring.boot.project.name=astroenergyApplication -Dfile.encoding=UTF-8 -XX:+ShowCodeDetailsInExceptionMessages 
java_command: com.astroenergy.java.astroenergyApplication.AstroEnergyApplication --spring.output.ansi.enabled=always
java_class_path (initial): D:\astro\astroenergyApplication\target\classes;C:\Users\jay\.m2\repository\org\springframework\boot\spring-boot-starter-security\2.4.1\spring-boot-starter-security-2.4.1.jar;C:\Users\jay\.m2\repository\org\springframework\boot\spring-boot-starter\2.4.1\spring-boot-starter-2.4.1.jar;C:\Users\jay\.m2\repository\org\springframework\boot\spring-boot-starter-logging\2.4.1\spring-boot-starter-logging-2.4.1.jar;C:\Users\jay\.m2\repository\ch\qos\logback\logback-classic\1.2.3\logback-classic-1.2.3.jar;C:\Users\jay\.m2\repository\ch\qos\logback\logback-core\1.2.3\logback-core-1.2.3.jar;C:\Users\jay\.m2\repository\org\apache\logging\log4j\log4j-to-slf4j\2.13.3\log4j-to-slf4j-2.13.3.jar;C:\Users\jay\.m2\repository\org\apache\logging\log4j\log4j-api\2.13.3\log4j-api-2.13.3.jar;C:\Users\jay\.m2\repository\org\slf4j\jul-to-slf4j\1.7.30\jul-to-slf4j-1.7.30.jar;C:\Users\jay\.m2\repository\jakarta\annotation\jakarta.annotation-api\1.3.5\jakarta.annotation-api-1.3.5.jar;C:\Users\jay\.m2\repository\org\yaml\snakeyaml\1.27\snakeyaml-1.27.jar;C:\Users\jay\.m2\repository\org\springframework\spring-aop\5.3.2\spring-aop-5.3.2.jar;C:\Users\jay\.m2\repository\org\springframework\spring-beans\5.3.2\spring-beans-5.3.2.jar;C:\Users\jay\.m2\repository\org\springframework\security\spring-security-config\5.4.2\spring-security-config-5.4.2.jar;C:\Users\jay\.m2\repository\org\springframework\spring-context\5.3.2\spring-context-5.3.2.jar;C:\Users\jay\.m2\repository\org\springframework\security\spring-security-web\5.4.2\spring-security-web-5.4.2.jar;C:\Users\jay\.m2\repository\org\springframework\spring-expression\5.3.2\spring-expression-5.3.2.jar;C:\Users\jay\.m2\repository\org\springframework\boot\spring-boot-starter-web\2.4.1\spring-boot-starter-web-2.4.1.jar;C:\Users\jay\.m2\repository\org\springframework\boot\spring-boot-starter-json\2.4.1\spring-boot-starter-json-2.4.1.jar;C:\Users\jay\.m2\repository\com\fasterxml\jackson\datatype\jackson-datatype-jdk8\2.11.3\jackson
Launcher Type: SUN_STANDARD

[Global flags]
     intx CICompilerCount                          = 3                                         {product} {ergonomic}
     uint ConcGCThreads                            = 1                                         {product} {ergonomic}
     uint G1ConcRefinementThreads                  = 4                                         {product} {ergonomic}
   size_t G1HeapRegionSize                         = 1048576                                   {product} {ergonomic}
    uintx GCDrainStackTargetSize                   = 64                                        {product} {ergonomic}
   size_t InitialHeapSize                          = 117440512                                 {product} {ergonomic}
     bool ManagementServer                         = true                                      {product} {command line}
   size_t MarkStackSize                            = 4194304                                   {product} {ergonomic}
   size_t MaxHeapSize                              = 1866465280                                {product} {ergonomic}
   size_t MinHeapDeltaBytes                        = 1048576                                   {product} {ergonomic}
   size_t MinHeapSize                              = 8388608                                   {product} {ergonomic}
    uintx NonNMethodCodeHeapSize                   = 6973028                                {pd product} {ergonomic}
    uintx NonProfiledCodeHeapSize                  = 244685212                              {pd product} {ergonomic}
    uintx ProfiledCodeHeapSize                     = 0                                      {pd product} {ergonomic}
    uintx ReservedCodeCacheSize                    = 251658240                              {pd product} {ergonomic}
     bool SegmentedCodeCache                       = true                                      {product} {ergonomic}
     bool ShowCodeDetailsInExceptionMessages       = true                                   {manageable} {command line}
   size_t SoftMaxHeapSize                          = 1866465280                             {manageable} {ergonomic}
     intx TieredStopAtLevel                        = 1                                         {product} {command line}
     bool UseCompressedClassPointers               = true                           {product lp64_product} {ergonomic}
     bool UseCompressedOops                        = true                           {product lp64_product} {ergonomic}
     bool UseG1GC                                  = true                                      {product} {ergonomic}
     bool UseLargePagesIndividualAllocation        = false                                  {pd product} {ergonomic}

Logging:
Log output configuration:
 #0: stdout all=warning uptime,level,tags
 #1: stderr all=off uptime,level,tags

Environment Variables:
JAVA_HOME=C:\Program Files\Java\jdk1.8.0_172
PATH=C:/Users/jay/Downloads/sts-4.12.0.RELEASE//plugins/org.eclipse.justj.openjdk.hotspot.jre.full.win32.x86_64_16.0.2.v20210721-1149/jre/bin/server;C:/Users/jay/Downloads/sts-4.12.0.RELEASE//plugins/org.eclipse.justj.openjdk.hotspot.jre.full.win32.x86_64_16.0.2.v20210721-1149/jre/bin;C:\Windows\system32;C:\Windows;C:\Windows\System32\Wbem;C:\Windows\System32\WindowsPowerShell\v1.0\;C:\Windows\System32\OpenSSH\;C:\Users\jay\Downloads\apache-maven-3.8.3-bin\apache-maven-3.8.3\bin;C:\Program Files\Java\jdk1.8.0_172\bin;C:\Program Files\Git\cmd;C:\Program Files\MySQL\MySQL Shell 8.0\bin\;C:\Users\jay\AppData\Local\Microsoft\WindowsApps;C:\Users\jay\Downloads\sts-4.12.0.RELEASE;
USERNAME=jay
OS=Windows_NT
PROCESSOR_IDENTIFIER=AMD64 Family 21 Model 48 Stepping 1, AuthenticAMD



---------------  S Y S T E M  ---------------

OS:
 Windows 10 , 64 bit Build 18362 (10.0.18362.329)
OS uptime: 14 days 0:01 hours

CPU: total 4 (initial active 4) (4 cores per cpu, 1 threads per core) family 21 model 48 stepping 1 microcode 0x0, cx8, cmov, fxsr, mmx, 3dnowpref, sse, sse2, sse3, ssse3, sse4a, sse4.1, sse4.2, popcnt, lzcnt, tsc, tscinvbit, avx, aes, clmul, bmi1, fma, vzeroupper, clflush

Memory: 4k page, system-wide physical 7113M (465M free)
TotalPageFile size 14540M (AvailPageFile size 79M)
current process WorkingSet (physical memory assigned to process): 10M, peak: 10M
current process commit charge ("private bytes"): 49M, peak: 161M

vm_info: OpenJDK 64-Bit Server VM (16.0.2+7-67) for windows-amd64 JRE (16.0.2+7-67), built on Jun  8 2021 23:21:43 by "mach5one" with MS VC++ 16.7 (VS2019)

END.
